<?xml version="1.0" encoding="UTF-8"?>
<testsuite xmlns:xsi="http://www.w3.org/2001/XMLSchema-instance" xsi:noNamespaceSchemaLocation="https://maven.apache.org/surefire/maven-surefire-plugin/xsd/surefire-test-report.xsd" name="BorradorTest" time="0.456" tests="5" errors="0" skipped="0" failures="0">
  <properties>
[...]
</properties>
  <testcase name="borradorNoCargoColorPriimario" classname="BorradorTest" time="0.338"/>
  <testcase name="borradorNoCargoColorSecundario" classname="BorradorTest" time="0"/>
  <testcase name="borradorNoCargoTipoPrenda" classname="BorradorTest" time="0.006"/>
  <testcase name="borradorNoCargoMaterial" classname="BorradorTest" time="0.003"/>
  <testcase name="borradorNoCargoTrama" classname="BorradorTest" time="0.002"/>
</testsuite>